<?xml version="1.0" encoding="UTF-8"?><testsuites errors="0" failures="1" skipped="0" tests="2" time="1.4747492969036102e-5"><testsuite errors="0" failures="1" name="Unit tests" skipped="0" tests="2" time="1.4747492969036102e-5"><testcase name="List comparison (different length)" time="3.4263357520103455e-6"/><testcase name="List comparison (same length)" time="1.1321157217025757e-5"><failure></failure><system-err>Test result:

test/Main.hs:13:
expected: LT
 but got: GT</system-err></testcase></testsuite></testsuites>