<?xml version="1.0" encoding="UTF-8"?><testsuites errors="0" failures="1" skipped="0" tests="2" time="1.5288591384887695e-5"><testsuite errors="0" failures="1" name="Unit tests" skipped="0" tests="2" time="1.5288591384887695e-5"><testcase name="List comparison (different length)" time="3.1460076570510864e-6"/><testcase name="List comparison (same length)" time="1.2142583727836609e-5"><failure></failure><system-err>Test result:

test/Main.hs:12:
expected: LT
 but got: GT</system-err></testcase></testsuite></testsuites>